d:\github\studia-c-plus-plus\project42\project42\x64\debug\vc141.pdb
d:\github\studia-c-plus-plus\project42\project42\x64\debug\vc141.idb
d:\github\studia-c-plus-plus\project42\project42\x64\debug\źródło.obj
d:\github\studia-c-plus-plus\project42\project42\x64\debug\sprzedawca.obj
d:\github\studia-c-plus-plus\project42\project42\x64\debug\rodzaj.obj
d:\github\studia-c-plus-plus\project42\project42\x64\debug\pracownik.obj
d:\github\studia-c-plus-plus\project42\project42\x64\debug\manager.obj
d:\github\studia-c-plus-plus\project42\project42\x64\debug\magazyn.obj
d:\github\studia-c-plus-plus\project42\project42\x64\debug\logowanie.obj
d:\github\studia-c-plus-plus\project42\project42\x64\debug\listalekow.obj
d:\github\studia-c-plus-plus\project42\project42\x64\debug\lek.obj
d:\github\studia-c-plus-plus\project42\project42\x64\debug\admin.obj
d:\github\studia-c-plus-plus\project42\x64\debug\project42.pdb
d:\github\studia-c-plus-plus\project42\project42\x64\debug\project42.tlog\cl.command.1.tlog
d:\github\studia-c-plus-plus\project42\project42\x64\debug\project42.tlog\cl.read.1.tlog
d:\github\studia-c-plus-plus\project42\project42\x64\debug\project42.tlog\cl.write.1.tlog
d:\github\studia-c-plus-plus\project42\project42\x64\debug\project42.tlog\link.88668.read.1.tlog
d:\github\studia-c-plus-plus\project42\project42\x64\debug\project42.tlog\link.88668.write.1.tlog
d:\github\studia-c-plus-plus\project42\project42\x64\debug\project42.tlog\link.command.1.tlog
d:\github\studia-c-plus-plus\project42\project42\x64\debug\project42.tlog\link.read.1.tlog
d:\github\studia-c-plus-plus\project42\project42\x64\debug\project42.tlog\link.write.1.tlog
